<?xml version="1.0" encoding="UTF-8"?>
<testsuite name="org.project.joboffers.Controllers.JobControllerTest" tests="1" skipped="1" failures="0" errors="0" timestamp="2022-01-14T14:54:00" hostname="LAPTOP-0C4946E5" time="0.0">
  <properties/>
  <testcase name="addJob()" classname="org.project.joboffers.Controllers.JobControllerTest" time="0.0">
    <skipped/>
  </testcase>
  <system-out><![CDATA[]]></system-out>
  <system-err><![CDATA[]]></system-err>
</testsuite>
